[0127/021609.023:ERROR:database.cc(1632)] Cookie sqlite error 8, errno 0: attempt to write a readonly database, sql: DELETE FROM cookies WHERE is_persistent != 1
[0127/021609.023:WARNING:sqlite_persistent_cookie_store.cc(1343)] Unable to delete session cookies.
[0127/021611.892:ERROR:cache_util_win.cc(21)] Unable to move the cache: ¾Ü¾ø·ÃÎÊ¡£ (0x5)
[0127/021611.892:ERROR:cache_util.cc(139)] Unable to move cache folder D:\åŒèŠ±é¡º\cef84\Cache\Cache to D:\åŒèŠ±é¡º\cef84\Cache\old_Cache_000
[0127/021611.892:ERROR:disk_cache.cc(184)] Unable to create cache
[0127/021626.707:ERROR:cache_util_win.cc(21)] Unable to move the cache: ¾Ü¾ø·ÃÎÊ¡£ (0x5)
[0127/021626.707:ERROR:cache_util.cc(139)] Unable to move cache folder D:\åŒèŠ±é¡º\cef84\Cache\GPUCache to D:\åŒèŠ±é¡º\cef84\Cache\old_GPUCache_000
[0127/021626.707:ERROR:disk_cache.cc(184)] Unable to create cache
[0127/021626.707:ERROR:shader_disk_cache.cc(606)] Shader Cache Creation failed: -2
[0127/021633.910:INFO:CONSOLE(1)] "[object Object]", source: http://s.thsi.cn/cd/b2cweb-client-conf/messageCenter/210705/js/index.js (1)
[0127/021633.925:INFO:CONSOLE(1)] "random: 118", source: http://s.thsi.cn/cd/b2cweb-client-conf/messageCenter/210705/js/index.js (1)
[0127/021633.933:INFO:CONSOLE(0)] "on dom ready", source:  (0)
[0127/021633.934:INFO:CONSOLE(0)] "on dom ready exit", source:  (0)
[0127/021633.981:INFO:CONSOLE(0)] "dom ready success!", source:  (0)
[0127/021633.982:INFO:CONSOLE(0)] "on dom ready", source:  (0)
[0127/021633.983:INFO:CONSOLE(0)] "on dom ready exit", source:  (0)
[0127/021634.039:INFO:CONSOLE(0)] "dom ready success!", source:  (0)
[0127/021634.040:INFO:CONSOLE(1)] "read: {}", source: http://s.thsi.cn/cd/b2cweb-client-conf/messageCenter/210705/js/index.js (1)
[0127/021634.041:INFO:CONSOLE(1)] "delete: {}", source: http://s.thsi.cn/cd/b2cweb-client-conf/messageCenter/210705/js/index.js (1)
[0127/021634.043:INFO:CONSOLE(1)] "[object Object]", source: http://s.thsi.cn/cd/b2cweb-client-conf/messageCenter/210705/js/index.js (1)
[0127/021637.000:WARNING:value_store_frontend.cc(44)] Reading mhjfbmdgcfjbbpaeojofohoefgiehjai.alarms from  failed: IO error: .../LOCK: Access denied. (ChromeMethodBFE: 15::LockFile::5)
[0127/021640.016:INFO:CONSOLE(0)] "on dom ready", source:  (0)
[0127/021640.016:INFO:CONSOLE(0)] "on dom ready exit", source:  (0)
[0127/021640.064:INFO:CONSOLE(0)] "dom ready success!", source:  (0)
[0127/021641.890:ERROR:database.cc(1632)] Cookie sqlite error 8, errno 0: attempt to write a readonly database, sql: DELETE FROM cookies WHERE name=? AND host_key=? AND path=?
[0127/021641.890:ERROR:database.cc(1632)] Cookie sqlite error 8, errno 0: attempt to write a readonly database, sql: INSERT INTO cookies (creation_utc, host_key, name, value, encrypted_value, path, expires_utc, is_secure, is_httponly, samesite, last_access_utc, has_expires, is_persistent, priority,source_scheme) VALUES (?,?,?,?,?,?,?,?,?,?,?,?,?,?,?)
[0127/021641.890:ERROR:database.cc(1632)] Cookie sqlite error 8, errno 0: attempt to write a readonly database, sql: DELETE FROM cookies WHERE name=? AND host_key=? AND path=?
[0127/021641.890:ERROR:database.cc(1632)] Cookie sqlite error 8, errno 0: attempt to write a readonly database, sql: INSERT INTO cookies (creation_utc, host_key, name, value, encrypted_value, path, expires_utc, is_secure, is_httponly, samesite, last_access_utc, has_expires, is_persistent, priority,source_scheme) VALUES (?,?,?,?,?,?,?,?,?,?,?,?,?,?,?)
[0127/021641.890:ERROR:database.cc(1632)] Cookie sqlite error 8, errno 0: attempt to write a readonly database, sql: DELETE FROM cookies WHERE name=? AND host_key=? AND path=?
[0127/021641.890:ERROR:database.cc(1632)] Cookie sqlite error 8, errno 0: attempt to write a readonly database, sql: INSERT INTO cookies (creation_utc, host_key, name, value, encrypted_value, path, expires_utc, is_secure, is_httponly, samesite, last_access_utc, has_expires, is_persistent, priority,source_scheme) VALUES (?,?,?,?,?,?,?,?,?,?,?,?,?,?,?)
[0127/021641.891:ERROR:database.cc(1632)] Cookie sqlite error 8, errno 0: attempt to write a readonly database, sql: UPDATE cookies SET last_access_utc=? WHERE name=? AND host_key=? AND path=?
[0127/021641.891:ERROR:database.cc(1632)] Cookie sqlite error 8, errno 0: attempt to write a readonly database, sql: DELETE FROM cookies WHERE name=? AND host_key=? AND path=?
[0127/021641.891:ERROR:database.cc(1632)] Cookie sqlite error 8, errno 0: attempt to write a readonly database, sql: INSERT INTO cookies (creation_utc, host_key, name, value, encrypted_value, path, expires_utc, is_secure, is_httponly, samesite, last_access_utc, has_expires, is_persistent, priority,source_scheme) VALUES (?,?,?,?,?,?,?,?,?,?,?,?,?,?,?)
[0127/021641.891:ERROR:database.cc(1632)] Cookie sqlite error 8, errno 0: attempt to write a readonly database, sql: DELETE FROM cookies WHERE name=? AND host_key=? AND path=?
[0127/021641.891:ERROR:database.cc(1632)] Cookie sqlite error 8, errno 0: attempt to write a readonly database, sql: INSERT INTO cookies (creation_utc, host_key, name, value, encrypted_value, path, expires_utc, is_secure, is_httponly, samesite, last_access_utc, has_expires, is_persistent, priority,source_scheme) VALUES (?,?,?,?,?,?,?,?,?,?,?,?,?,?,?)
[0127/021641.891:ERROR:database.cc(1632)] Cookie sqlite error 8, errno 0: attempt to write a readonly database, sql: DELETE FROM cookies WHERE name=? AND host_key=? AND path=?
[0127/021641.891:ERROR:database.cc(1632)] Cookie sqlite error 8, errno 0: attempt to write a readonly database, sql: INSERT INTO cookies (creation_utc, host_key, name, value, encrypted_value, path, expires_utc, is_secure, is_httponly, samesite, last_access_utc, has_expires, is_persistent, priority,source_scheme) VALUES (?,?,?,?,?,?,?,?,?,?,?,?,?,?,?)
[0127/021641.891:ERROR:database.cc(1632)] Cookie sqlite error 8, errno 0: attempt to write a readonly database, sql: DELETE FROM cookies WHERE name=? AND host_key=? AND path=?
[0127/021641.891:ERROR:database.cc(1632)] Cookie sqlite error 8, errno 0: attempt to write a readonly database, sql: DELETE FROM cookies WHERE name=? AND host_key=? AND path=?
[0127/021641.891:ERROR:database.cc(1632)] Cookie sqlite error 8, errno 0: attempt to write a readonly database, sql: INSERT INTO cookies (creation_utc, host_key, name, value, encrypted_value, path, expires_utc, is_secure, is_httponly, samesite, last_access_utc, has_expires, is_persistent, priority,source_scheme) VALUES (?,?,?,?,?,?,?,?,?,?,?,?,?,?,?)
[0127/021653.984:ERROR:simple_index_file.cc(323)] Failed to write the temporary index file
[0127/021733.991:INFO:CONSOLE(1)] "false", source: http://s.thsi.cn/cd/b2cweb-client-conf/messageCenter/210705/js/index.js (1)
[0127/021733.993:INFO:CONSOLE(1)] "true", source: http://s.thsi.cn/cd/b2cweb-client-conf/messageCenter/210705/js/index.js (1)
[0127/021733.995:INFO:CONSOLE(1)] "true", source: http://s.thsi.cn/cd/b2cweb-client-conf/messageCenter/210705/js/index.js (1)
[0127/021734.028:INFO:CONSOLE(1)] "true", source: http://s.thsi.cn/cd/b2cweb-client-conf/messageCenter/210705/js/index.js (1)
[0127/021734.030:INFO:CONSOLE(1)] "false", source: http://s.thsi.cn/cd/b2cweb-client-conf/messageCenter/210705/js/index.js (1)
[0127/021734.032:INFO:CONSOLE(1)] "false", source: http://s.thsi.cn/cd/b2cweb-client-conf/messageCenter/210705/js/index.js (1)
[0127/021734.035:INFO:CONSOLE(1)] "true", source: http://s.thsi.cn/cd/b2cweb-client-conf/messageCenter/210705/js/index.js (1)
[0127/021734.038:INFO:CONSOLE(1)] "true", source: http://s.thsi.cn/cd/b2cweb-client-conf/messageCenter/210705/js/index.js (1)
[0127/021734.039:INFO:CONSOLE(1)] "true", source: http://s.thsi.cn/cd/b2cweb-client-conf/messageCenter/210705/js/index.js (1)
[0127/021734.043:INFO:CONSOLE(1)] "deleteOld:Wed Jan 19 2022 00:00:00 GMT+0800 (ä¸­å›½æ ‡å‡†æ—¶é—´)", source: http://s.thsi.cn/cd/b2cweb-client-conf/messageCenter/210705/js/index.js (1)
[0127/021802.294:INFO:CONSOLE(1)] "[object Object]", source: http://s.thsi.cn/cd/b2cweb-usercenter/personalcenter/20210719/js/chunk-common.js (1)
[0127/021802.300:INFO:CONSOLE(0)] "on dom ready", source:  (0)
[0127/021802.301:INFO:CONSOLE(0)] "on dom ready exit", source:  (0)
[0127/021802.340:INFO:CONSOLE(0)] "dom ready success!", source:  (0)
[0127/021802.389:INFO:CONSOLE(1)] "[object Object]", source: http://s.thsi.cn/cd/b2cweb-usercenter/personalcenter/20210719/js/chunk-common.js (1)
[0127/021822.320:ERROR:simple_index_file.cc(323)] Failed to write the temporary index file
[0127/021831.850:ERROR:database.cc(1632)] Cookie sqlite error 8, errno 0: attempt to write a readonly database, sql: UPDATE cookies SET last_access_utc=? WHERE name=? AND host_key=? AND path=?
[0127/021831.850:ERROR:database.cc(1632)] Cookie sqlite error 8, errno 0: attempt to write a readonly database, sql: UPDATE cookies SET last_access_utc=? WHERE name=? AND host_key=? AND path=?
[0127/021831.850:ERROR:database.cc(1632)] Cookie sqlite error 8, errno 0: attempt to write a readonly database, sql: UPDATE cookies SET last_access_utc=? WHERE name=? AND host_key=? AND path=?
[0127/021831.850:ERROR:database.cc(1632)] Cookie sqlite error 8, errno 0: attempt to write a readonly database, sql: UPDATE cookies SET last_access_utc=? WHERE name=? AND host_key=? AND path=?
[0127/021831.850:ERROR:database.cc(1632)] Cookie sqlite error 8, errno 0: attempt to write a readonly database, sql: UPDATE cookies SET last_access_utc=? WHERE name=? AND host_key=? AND path=?
[0127/021831.850:ERROR:database.cc(1632)] Cookie sqlite error 8, errno 0: attempt to write a readonly database, sql: UPDATE cookies SET last_access_utc=? WHERE name=? AND host_key=? AND path=?
[0127/021831.850:ERROR:database.cc(1632)] Cookie sqlite error 8, errno 0: attempt to write a readonly database, sql: UPDATE cookies SET last_access_utc=? WHERE name=? AND host_key=? AND path=?
[0127/021831.850:ERROR:database.cc(1632)] Cookie sqlite error 8, errno 0: attempt to write a readonly database, sql: UPDATE cookies SET last_access_utc=? WHERE name=? AND host_key=? AND path=?
[0127/021834.050:INFO:CONSOLE(3)] "392 è‡ªé€‰è‚¡ free", source: http://s.thsi.cn/js/common/pirate/pirate4.min.2011.js (3)
[0127/021931.211:INFO:CONSOLE(1)] "[object Object]", source: http://s.thsi.cn/cd/b2cweb-usercenter/personalcenter/20210719/js/chunk-common.js (1)
[0127/021931.216:INFO:CONSOLE(0)] "on dom ready", source:  (0)
[0127/021931.218:INFO:CONSOLE(0)] "on dom ready exit", source:  (0)
[0127/021931.233:INFO:CONSOLE(0)] "dom ready success!", source:  (0)
[0127/021931.300:INFO:CONSOLE(1)] "[object Object]", source: http://s.thsi.cn/cd/b2cweb-usercenter/personalcenter/20210719/js/chunk-common.js (1)
[0127/021951.232:ERROR:simple_index_file.cc(323)] Failed to write the temporary index file
[0127/022000.983:ERROR:database.cc(1632)] Cookie sqlite error 8, errno 0: attempt to write a readonly database, sql: UPDATE cookies SET last_access_utc=? WHERE name=? AND host_key=? AND path=?
[0127/022000.983:ERROR:database.cc(1632)] Cookie sqlite error 8, errno 0: attempt to write a readonly database, sql: UPDATE cookies SET last_access_utc=? WHERE name=? AND host_key=? AND path=?
[0127/022000.983:ERROR:database.cc(1632)] Cookie sqlite error 8, errno 0: attempt to write a readonly database, sql: UPDATE cookies SET last_access_utc=? WHERE name=? AND host_key=? AND path=?
[0127/022000.983:ERROR:database.cc(1632)] Cookie sqlite error 8, errno 0: attempt to write a readonly database, sql: UPDATE cookies SET last_access_utc=? WHERE name=? AND host_key=? AND path=?
[0127/022000.983:ERROR:database.cc(1632)] Cookie sqlite error 8, errno 0: attempt to write a readonly database, sql: UPDATE cookies SET last_access_utc=? WHERE name=? AND host_key=? AND path=?
[0127/022000.983:ERROR:database.cc(1632)] Cookie sqlite error 8, errno 0: attempt to write a readonly database, sql: UPDATE cookies SET last_access_utc=? WHERE name=? AND host_key=? AND path=?
[0127/022000.983:ERROR:database.cc(1632)] Cookie sqlite error 8, errno 0: attempt to write a readonly database, sql: UPDATE cookies SET last_access_utc=? WHERE name=? AND host_key=? AND path=?
[0127/022000.983:ERROR:database.cc(1632)] Cookie sqlite error 8, errno 0: attempt to write a readonly database, sql: UPDATE cookies SET last_access_utc=? WHERE name=? AND host_key=? AND path=?
[0127/022034.056:INFO:CONSOLE(3)] "392 è‡ªé€‰è‚¡ free", source: http://s.thsi.cn/js/common/pirate/pirate4.min.2011.js (3)
[0127/022234.044:INFO:CONSOLE(3)] "392 è‡ªé€‰è‚¡ free", source: http://s.thsi.cn/js/common/pirate/pirate4.min.2011.js (3)
[0127/022434.060:INFO:CONSOLE(3)] "392 è‡ªé€‰è‚¡ free", source: http://s.thsi.cn/js/common/pirate/pirate4.min.2011.js (3)
[0127/022634.062:INFO:CONSOLE(3)] "392 è‡ªé€‰è‚¡ free", source: http://s.thsi.cn/js/common/pirate/pirate4.min.2011.js (3)
[0127/022834.043:INFO:CONSOLE(3)] "392 è‡ªé€‰è‚¡ free", source: http://s.thsi.cn/js/common/pirate/pirate4.min.2011.js (3)
[0127/023034.054:INFO:CONSOLE(3)] "392 è‡ªé€‰è‚¡ free", source: http://s.thsi.cn/js/common/pirate/pirate4.min.2011.js (3)
[0127/023234.050:INFO:CONSOLE(3)] "392 è‡ªé€‰è‚¡ free", source: http://s.thsi.cn/js/common/pirate/pirate4.min.2011.js (3)
[0127/023434.060:INFO:CONSOLE(3)] "392 è‡ªé€‰è‚¡ free", source: http://s.thsi.cn/js/common/pirate/pirate4.min.2011.js (3)
[0127/023634.055:INFO:CONSOLE(3)] "9354 Aè‚¡åˆ†æ—¶èµ°åŠ¿ free", source: http://s.thsi.cn/js/common/pirate/pirate4.min.2011.js (3)
[0127/023813.794:INFO:CONSOLE(1)] "[object Object]", source: http://s.thsi.cn/cd/b2cweb-usercenter/personalcenter/20210719/js/chunk-common.js (1)
[0127/023813.798:INFO:CONSOLE(0)] "on dom ready", source:  (0)
[0127/023813.799:INFO:CONSOLE(0)] "on dom ready exit", source:  (0)
[0127/023813.809:INFO:CONSOLE(0)] "dom ready success!", source:  (0)
[0127/023813.876:INFO:CONSOLE(1)] "[object Object]", source: http://s.thsi.cn/cd/b2cweb-usercenter/personalcenter/20210719/js/chunk-common.js (1)
[0127/023834.047:INFO:CONSOLE(3)] "9354 Aè‚¡åˆ†æ—¶èµ°åŠ¿ free", source: http://s.thsi.cn/js/common/pirate/pirate4.min.2011.js (3)
[0127/023843.481:ERROR:database.cc(1632)] Cookie sqlite error 8, errno 0: attempt to write a readonly database, sql: UPDATE cookies SET last_access_utc=? WHERE name=? AND host_key=? AND path=?
[0127/023843.481:ERROR:database.cc(1632)] Cookie sqlite error 8, errno 0: attempt to write a readonly database, sql: UPDATE cookies SET last_access_utc=? WHERE name=? AND host_key=? AND path=?
[0127/023843.481:ERROR:database.cc(1632)] Cookie sqlite error 8, errno 0: attempt to write a readonly database, sql: UPDATE cookies SET last_access_utc=? WHERE name=? AND host_key=? AND path=?
[0127/023843.481:ERROR:database.cc(1632)] Cookie sqlite error 8, errno 0: attempt to write a readonly database, sql: UPDATE cookies SET last_access_utc=? WHERE name=? AND host_key=? AND path=?
[0127/023843.481:ERROR:database.cc(1632)] Cookie sqlite error 8, errno 0: attempt to write a readonly database, sql: UPDATE cookies SET last_access_utc=? WHERE name=? AND host_key=? AND path=?
[0127/023843.481:ERROR:database.cc(1632)] Cookie sqlite error 8, errno 0: attempt to write a readonly database, sql: UPDATE cookies SET last_access_utc=? WHERE name=? AND host_key=? AND path=?
[0127/023843.481:ERROR:database.cc(1632)] Cookie sqlite error 8, errno 0: attempt to write a readonly database, sql: UPDATE cookies SET last_access_utc=? WHERE name=? AND host_key=? AND path=?
[0127/023843.481:ERROR:database.cc(1632)] Cookie sqlite error 8, errno 0: attempt to write a readonly database, sql: UPDATE cookies SET last_access_utc=? WHERE name=? AND host_key=? AND path=?
[0127/024014.646:INFO:CONSOLE(1)] "[object Object]", source: http://s.thsi.cn/cd/b2cweb-usercenter/personalcenter/20210719/js/chunk-common.js (1)
[0127/024014.652:INFO:CONSOLE(0)] "on dom ready", source:  (0)
[0127/024014.653:INFO:CONSOLE(0)] "on dom ready exit", source:  (0)
[0127/024014.665:INFO:CONSOLE(0)] "dom ready success!", source:  (0)
[0127/024014.713:INFO:CONSOLE(1)] "[object Object]", source: http://s.thsi.cn/cd/b2cweb-usercenter/personalcenter/20210719/js/chunk-common.js (1)
[0127/024034.046:INFO:CONSOLE(3)] "9355 Aè‚¡æŠ€æœ¯åˆ†æ free", source: http://s.thsi.cn/js/common/pirate/pirate4.min.2011.js (3)
[0127/024044.323:ERROR:database.cc(1632)] Cookie sqlite error 8, errno 0: attempt to write a readonly database, sql: UPDATE cookies SET last_access_utc=? WHERE name=? AND host_key=? AND path=?
[0127/024044.323:ERROR:database.cc(1632)] Cookie sqlite error 8, errno 0: attempt to write a readonly database, sql: UPDATE cookies SET last_access_utc=? WHERE name=? AND host_key=? AND path=?
[0127/024044.323:ERROR:database.cc(1632)] Cookie sqlite error 8, errno 0: attempt to write a readonly database, sql: UPDATE cookies SET last_access_utc=? WHERE name=? AND host_key=? AND path=?
[0127/024044.323:ERROR:database.cc(1632)] Cookie sqlite error 8, errno 0: attempt to write a readonly database, sql: UPDATE cookies SET last_access_utc=? WHERE name=? AND host_key=? AND path=?
[0127/024044.323:ERROR:database.cc(1632)] Cookie sqlite error 8, errno 0: attempt to write a readonly database, sql: UPDATE cookies SET last_access_utc=? WHERE name=? AND host_key=? AND path=?
[0127/024044.323:ERROR:database.cc(1632)] Cookie sqlite error 8, errno 0: attempt to write a readonly database, sql: UPDATE cookies SET last_access_utc=? WHERE name=? AND host_key=? AND path=?
[0127/024044.323:ERROR:database.cc(1632)] Cookie sqlite error 8, errno 0: attempt to write a readonly database, sql: UPDATE cookies SET last_access_utc=? WHERE name=? AND host_key=? AND path=?
[0127/024044.323:ERROR:database.cc(1632)] Cookie sqlite error 8, errno 0: attempt to write a readonly database, sql: UPDATE cookies SET last_access_utc=? WHERE name=? AND host_key=? AND path=?
[0127/024234.059:INFO:CONSOLE(3)] "9355 Aè‚¡æŠ€æœ¯åˆ†æ free", source: http://s.thsi.cn/js/common/pirate/pirate4.min.2011.js (3)
[0127/024434.058:INFO:CONSOLE(3)] "9355 Aè‚¡æŠ€æœ¯åˆ†æ free", source: http://s.thsi.cn/js/common/pirate/pirate4.min.2011.js (3)
[0127/024634.079:INFO:CONSOLE(3)] "9355 Aè‚¡æŠ€æœ¯åˆ†æ free", source: http://s.thsi.cn/js/common/pirate/pirate4.min.2011.js (3)
[0127/024834.051:INFO:CONSOLE(3)] "9355 Aè‚¡æŠ€æœ¯åˆ†æ free", source: http://s.thsi.cn/js/common/pirate/pirate4.min.2011.js (3)
[0127/025034.058:INFO:CONSOLE(3)] "9355 Aè‚¡æŠ€æœ¯åˆ†æ free", source: http://s.thsi.cn/js/common/pirate/pirate4.min.2011.js (3)
[0127/025234.058:INFO:CONSOLE(3)] "9355 Aè‚¡æŠ€æœ¯åˆ†æ free", source: http://s.thsi.cn/js/common/pirate/pirate4.min.2011.js (3)
[0127/025434.049:INFO:CONSOLE(3)] "9355 Aè‚¡æŠ€æœ¯åˆ†æ free", source: http://s.thsi.cn/js/common/pirate/pirate4.min.2011.js (3)
[0127/025634.054:INFO:CONSOLE(3)] "9355 Aè‚¡æŠ€æœ¯åˆ†æ free", source: http://s.thsi.cn/js/common/pirate/pirate4.min.2011.js (3)
[0127/025834.055:INFO:CONSOLE(3)] "9355 Aè‚¡æŠ€æœ¯åˆ†æ free", source: http://s.thsi.cn/js/common/pirate/pirate4.min.2011.js (3)
[0127/030034.049:INFO:CONSOLE(3)] "9355 Aè‚¡æŠ€æœ¯åˆ†æ free", source: http://s.thsi.cn/js/common/pirate/pirate4.min.2011.js (3)
[0127/030234.048:INFO:CONSOLE(3)] "9355 Aè‚¡æŠ€æœ¯åˆ†æ free", source: http://s.thsi.cn/js/common/pirate/pirate4.min.2011.js (3)
[0127/030434.053:INFO:CONSOLE(3)] "9355 Aè‚¡æŠ€æœ¯åˆ†æ free", source: http://s.thsi.cn/js/common/pirate/pirate4.min.2011.js (3)
[0127/030634.050:INFO:CONSOLE(3)] "9355 Aè‚¡æŠ€æœ¯åˆ†æ free", source: http://s.thsi.cn/js/common/pirate/pirate4.min.2011.js (3)
[0127/030834.056:INFO:CONSOLE(3)] "9355 Aè‚¡æŠ€æœ¯åˆ†æ free", source: http://s.thsi.cn/js/common/pirate/pirate4.min.2011.js (3)
[0127/031034.057:INFO:CONSOLE(3)] "9355 Aè‚¡æŠ€æœ¯åˆ†æ free", source: http://s.thsi.cn/js/common/pirate/pirate4.min.2011.js (3)
[0127/031234.057:INFO:CONSOLE(3)] "9355 Aè‚¡æŠ€æœ¯åˆ†æ free", source: http://s.thsi.cn/js/common/pirate/pirate4.min.2011.js (3)
[0127/031434.047:INFO:CONSOLE(3)] "9355 Aè‚¡æŠ€æœ¯åˆ†æ free", source: http://s.thsi.cn/js/common/pirate/pirate4.min.2011.js (3)
[0127/031634.049:INFO:CONSOLE(3)] "9355 Aè‚¡æŠ€æœ¯åˆ†æ free", source: http://s.thsi.cn/js/common/pirate/pirate4.min.2011.js (3)
[0127/031834.055:INFO:CONSOLE(3)] "9355 Aè‚¡æŠ€æœ¯åˆ†æ free", source: http://s.thsi.cn/js/common/pirate/pirate4.min.2011.js (3)
[0127/032034.053:INFO:CONSOLE(3)] "9355 Aè‚¡æŠ€æœ¯åˆ†æ free", source: http://s.thsi.cn/js/common/pirate/pirate4.min.2011.js (3)
[0127/032234.057:INFO:CONSOLE(3)] "9355 Aè‚¡æŠ€æœ¯åˆ†æ free", source: http://s.thsi.cn/js/common/pirate/pirate4.min.2011.js (3)
[0127/032434.050:INFO:CONSOLE(3)] "9355 Aè‚¡æŠ€æœ¯åˆ†æ free", source: http://s.thsi.cn/js/common/pirate/pirate4.min.2011.js (3)
[0127/032634.050:INFO:CONSOLE(3)] "9355 Aè‚¡æŠ€æœ¯åˆ†æ free", source: http://s.thsi.cn/js/common/pirate/pirate4.min.2011.js (3)
[0127/032834.053:INFO:CONSOLE(3)] "9355 Aè‚¡æŠ€æœ¯åˆ†æ free", source: http://s.thsi.cn/js/common/pirate/pirate4.min.2011.js (3)
[0127/033034.052:INFO:CONSOLE(3)] "9355 Aè‚¡æŠ€æœ¯åˆ†æ free", source: http://s.thsi.cn/js/common/pirate/pirate4.min.2011.js (3)
[0127/033234.058:INFO:CONSOLE(3)] "9355 Aè‚¡æŠ€æœ¯åˆ†æ free", source: http://s.thsi.cn/js/common/pirate/pirate4.min.2011.js (3)
[0127/033434.043:INFO:CONSOLE(3)] "9355 Aè‚¡æŠ€æœ¯åˆ†æ free", source: http://s.thsi.cn/js/common/pirate/pirate4.min.2011.js (3)
[0127/033531.900:INFO:CONSOLE(1)] "[object Object]", source: http://s.thsi.cn/cd/b2cweb-usercenter/personalcenter/20210719/js/chunk-common.js (1)
[0127/033531.903:INFO:CONSOLE(0)] "on dom ready", source:  (0)
[0127/033531.904:INFO:CONSOLE(0)] "on dom ready exit", source:  (0)
[0127/033531.910:INFO:CONSOLE(0)] "dom ready success!", source:  (0)
[0127/033531.993:INFO:CONSOLE(1)] "[object Object]", source: http://s.thsi.cn/cd/b2cweb-usercenter/personalcenter/20210719/js/chunk-common.js (1)
[0127/033546.037:ERROR:database.cc(1632)] Cookie sqlite error 8, errno 0: attempt to write a readonly database, sql: UPDATE cookies SET last_access_utc=? WHERE name=? AND host_key=? AND path=?
[0127/033546.037:ERROR:database.cc(1632)] Cookie sqlite error 8, errno 0: attempt to write a readonly database, sql: UPDATE cookies SET last_access_utc=? WHERE name=? AND host_key=? AND path=?
[0127/033546.037:ERROR:database.cc(1632)] Cookie sqlite error 8, errno 0: attempt to write a readonly database, sql: UPDATE cookies SET last_access_utc=? WHERE name=? AND host_key=? AND path=?
[0127/033546.037:ERROR:database.cc(1632)] Cookie sqlite error 8, errno 0: attempt to write a readonly database, sql: UPDATE cookies SET last_access_utc=? WHERE name=? AND host_key=? AND path=?
[0127/033546.037:ERROR:database.cc(1632)] Cookie sqlite error 8, errno 0: attempt to write a readonly database, sql: UPDATE cookies SET last_access_utc=? WHERE name=? AND host_key=? AND path=?
[0127/033546.037:ERROR:database.cc(1632)] Cookie sqlite error 8, errno 0: attempt to write a readonly database, sql: UPDATE cookies SET last_access_utc=? WHERE name=? AND host_key=? AND path=?
[0127/033546.037:ERROR:database.cc(1632)] Cookie sqlite error 8, errno 0: attempt to write a readonly database, sql: UPDATE cookies SET last_access_utc=? WHERE name=? AND host_key=? AND path=?
[0127/033546.038:ERROR:database.cc(1632)] Cookie sqlite error 8, errno 0: attempt to write a readonly database, sql: UPDATE cookies SET last_access_utc=? WHERE name=? AND host_key=? AND path=?
